<?xml version="1.0" encoding="UTF-8"?>
<!-- Generated by org.testng.reporters.JUnitReportReporter -->
<testsuite skipped="1" hostname="ADMIN-PC" name="com.crm.qa.testcases.ContactsTestCases" tests="1" failures="0" timestamp="2020-10-03T13:36:11 IST" time="0.000" errors="0">
  <testcase name="FillConatactDetaislTest" time="0.000" classname="com.crm.qa.testcases.ContactsTestCases">
    <skipped/>
  </testcase> <!-- FillConatactDetaislTest -->
  <system-out/>
</testsuite> <!-- com.crm.qa.testcases.ContactsTestCases -->
