<?xml version="1.0" encoding="UTF-8"?>
<!-- Generated by org.testng.reporters.JUnitReportReporter -->
<testsuite skipped="2" hostname="ADMIN-PC" name="com.crm.qa.testcases.ContactsTestCases" tests="3" failures="0" timestamp="2020-10-19T00:15:18 IST" time="0.671" errors="0">
  <testcase name="addContactTest" time="0.039" classname="com.crm.qa.testcases.ContactsTestCases">
    <skipped/>
  </testcase> <!-- addContactTest -->
  <system-out/>
  <testcase name="deleteContacts" time="0.000" classname="com.crm.qa.testcases.ContactsTestCases">
    <skipped/>
  </testcase> <!-- deleteContacts -->
  <system-out/>
  <testcase name="contactInfoTest" time="0.632" classname="com.crm.qa.testcases.ContactsTestCases"/>
  <system-out>
Test Case contactInfoTest started <br> Test Case contactInfoTest is Passed <br>  </system-out>
</testsuite> <!-- com.crm.qa.testcases.ContactsTestCases -->
